<?xml version="1.0" encoding="UTF-8" ?>
<testsuite tests="1" failures="0" name="com.formation.jenkins.AppTest" time="0.002" errors="0" skipped="0">
  <properties>
    <property name="JOB_NAME" value="Hello-World-App"/>
    <property name="java.vendor" value="Ubuntu"/>
    <property name="PWD" value="/var/lib/jenkins"/>
    <property name="sun.java.launcher" value="SUN_STANDARD"/>
    <property name="RUN_TESTS_DISPLAY_URL" value="https://40f7-196-179-2-37.eu.ngrok.io/job/Hello-World-App/6/display/redirect?page=tests"/>
    <property name="sun.management.compiler" value="HotSpot 64-Bit Tiered Compilers"/>
    <property name="JENKINS_HOME" value="/var/lib/jenkins"/>
    <property name="PATH" value="/usr/lib/jvm/java-11-openjdk-amd64//bin:/usr/local/sbin:/usr/local/bin:/usr/sbin:/usr/bin:/sbin:/bin:/snap/bin"/>
    <property name="HUDSON_SERVER_COOKIE" value="98b0cce981782d23"/>
    <property name="POM_ARTIFACTID" value="hello-world-app"/>
    <property name="os.name" value="Linux"/>
    <property name="EXECUTOR_NUMBER" value="0"/>
    <property name="java.vm.specification.vendor" value="Oracle Corporation"/>
    <property name="POM_DISPLAYNAME" value="hello-world-app"/>
    <property name="NODE_LABELS" value="built-in"/>
    <property name="java.runtime.version" value="11.0.16+8-post-Ubuntu-0ubuntu118.04"/>
    <property name="user.name" value="jenkins"/>
    <property name="NOTIFY_SOCKET" value="/run/systemd/notify"/>
    <property name="guice.disable.misplaced.annotation.check" value="true"/>
    <property name="user.language" value="en"/>
    <property name="JOB_BASE_NAME" value="Hello-World-App"/>
    <property name="RUN_CHANGES_DISPLAY_URL" value="https://40f7-196-179-2-37.eu.ngrok.io/job/Hello-World-App/6/display/redirect?page=changes"/>
    <property name="BUILD_DISPLAY_NAME" value="#6"/>
    <property name="sun.boot.library.path" value="/usr/lib/jvm/java-11-openjdk-amd64/lib"/>
    <property name="java.vm.compressedOopsMode" value="32-bit"/>
    <property name="java.version" value="11.0.16"/>
    <property name="user.timezone" value="Etc/UTC"/>
    <property name="sun.arch.data.model" value="64"/>
    <property name="NODE_NAME" value="built-in"/>
    <property name="BUILD_ID" value="6"/>
    <property name="sun.cpu.isalist" value=""/>
    <property name="sun.jnu.encoding" value="UTF-8"/>
    <property name="SHELL" value="/bin/bash"/>
    <property name="file.separator" value="/"/>
    <property name="java.specification.name" value="Java Platform API Specification"/>
    <property name="maven.conf" value="/opt/apache-maven-3.8.6/conf"/>
    <property name="java.class.version" value="55.0"/>
    <property name="org.slf4j.simpleLogger.defaultLogLevel" value="info"/>
    <property name="user.country" value="US"/>
    <property name="java.home" value="/usr/lib/jvm/java-11-openjdk-amd64"/>
    <property name="java.vm.info" value="mixed mode, sharing"/>
    <property name="os.version" value="4.15.0-163-generic"/>
    <property name="RUN_DISPLAY_URL" value="https://40f7-196-179-2-37.eu.ngrok.io/job/Hello-World-App/6/display/redirect"/>
    <property name="POM_VERSION" value="1.0-SNAPSHOT"/>
    <property name="sun.font.fontmanager" value="sun.awt.X11FontManager"/>
    <property name="path.separator" value=":"/>
    <property name="RUN_ARTIFACTS_DISPLAY_URL" value="https://40f7-196-179-2-37.eu.ngrok.io/job/Hello-World-App/6/display/redirect?page=artifacts"/>
    <property name="java.vm.version" value="11.0.16+8-post-Ubuntu-0ubuntu118.04"/>
    <property name="JOB_DISPLAY_URL" value="https://40f7-196-179-2-37.eu.ngrok.io/job/Hello-World-App/display/redirect"/>
    <property name="java.awt.printerjob" value="sun.print.PSPrinterJob"/>
    <property name="JAVA_HOME" value="/usr/lib/jvm/java-11-openjdk-amd64/"/>
    <property name="sun.io.unicode.encoding" value="UnicodeLittle"/>
    <property name="awt.toolkit" value="sun.awt.X11.XToolkit"/>
    <property name="LOGNAME" value="jenkins"/>
    <property name="POM_PACKAGING" value="jar"/>
    <property name="HOME" value="/var/lib/jenkins"/>
    <property name="POM_GROUPID" value="com.formation.jenkins"/>
    <property name="user.home" value="/var/lib/jenkins"/>
    <property name="BUILD_TAG" value="jenkins-Hello-World-App-6"/>
    <property name="JENKINS_SERVER_COOKIE" value="98b0cce981782d23"/>
    <property name="HUDSON_URL" value="https://40f7-196-179-2-37.eu.ngrok.io/"/>
    <property name="java.version.date" value="2022-07-19"/>
    <property name="java.specification.vendor" value="Oracle Corporation"/>
    <property name="CLASSPATH" value=""/>
    <property name="java.library.path" value="/usr/java/packages/lib:/usr/lib/x86_64-linux-gnu/jni:/lib/x86_64-linux-gnu:/usr/lib/x86_64-linux-gnu:/usr/lib/jni:/lib:/usr/lib"/>
    <property name="java.vendor.url" value="https://ubuntu.com/"/>
    <property name="java.vm.vendor" value="Ubuntu"/>
    <property name="java.runtime.name" value="OpenJDK Runtime Environment"/>
    <property name="maven.home" value="/opt/apache-maven-3.8.6"/>
    <property name="sun.java.command" value="jenkins.maven3.agent.Maven35Main /opt/apache-maven-3.8.6/ /var/cache/jenkins/war/WEB-INF/lib/remoting-3044.vb_940a_a_e4f72e.jar /var/lib/jenkins/plugins/maven-plugin/WEB-INF/lib/maven35-interceptor-1.13.jar /var/lib/jenkins/plugins/maven-plugin/WEB-INF/lib/maven3-interceptor-commons-1.13.jar 41097"/>
    <property name="java.class.path" value="/var/lib/jenkins/plugins/maven-plugin/WEB-INF/lib/maven35-agent-1.13.jar:/opt/apache-maven-3.8.6/boot/plexus-classworlds-2.6.0.jar:/opt/apache-maven-3.8.6/conf/logging"/>
    <property name="JOURNAL_STREAM" value="9:17482"/>
    <property name="jdk.debug" value="release"/>
    <property name="java.vm.specification.name" value="Java Virtual Machine Specification"/>
    <property name="jansi.mode" value="strip"/>
    <property name="PATH+JDK" value="/usr/lib/jvm/java-11-openjdk-amd64//bin"/>
    <property name="INVOCATION_ID" value="cc5da521842f44dd83c00ba131627f62"/>
    <property name="java.vm.specification.version" value="11"/>
    <property name="M2_HOME" value="/opt/apache-maven-3.8.6/"/>
    <property name="sun.cpu.endian" value="little"/>
    <property name="sun.os.patch.level" value="unknown"/>
    <property name="CI" value="true"/>
    <property name="java.io.tmpdir" value="/tmp"/>
    <property name="HUDSON_HOME" value="/var/lib/jenkins"/>
    <property name="PATH+MAVEN" value="/opt/apache-maven-3.8.6//bin"/>
    <property name="java.vendor.url.bug" value="https://bugs.launchpad.net/ubuntu/+source/openjdk-lts"/>
    <property name="BUILD_URL" value="https://40f7-196-179-2-37.eu.ngrok.io/job/Hello-World-App/6/"/>
    <property name="os.arch" value="amd64"/>
    <property name="java.awt.graphicsenv" value="sun.awt.X11GraphicsEnvironment"/>
    <property name="user.dir" value="/home/vagrant/example/hello-world-app"/>
    <property name="JOB_URL" value="https://40f7-196-179-2-37.eu.ngrok.io/job/Hello-World-App/"/>
    <property name="MAVEN_HOME" value="/opt/apache-maven-3.8.6/"/>
    <property name="line.separator" value="
"/>
    <property name="java.vm.name" value="OpenJDK 64-Bit Server VM"/>
    <property name="BUILD_NUMBER" value="6"/>
    <property name="JENKINS_URL" value="https://40f7-196-179-2-37.eu.ngrok.io/"/>
    <property name="LANG" value="en_US.UTF-8"/>
    <property name="file.encoding" value="UTF-8"/>
    <property name="maven3.interceptor" value="/var/lib/jenkins/plugins/maven-plugin/WEB-INF/lib/maven35-interceptor-1.13.jar"/>
    <property name="WORKSPACE_TMP" value="/var/lib/jenkins/workspace/Hello-World-App@tmp"/>
    <property name="WORKSPACE" value="/var/lib/jenkins/workspace/Hello-World-App"/>
    <property name="maven3.interceptor.common" value="/var/lib/jenkins/plugins/maven-plugin/WEB-INF/lib/maven3-interceptor-commons-1.13.jar"/>
    <property name="java.specification.version" value="11"/>
    <property name="LANGUAGE" value="en_US:"/>
    <property name="USER" value="jenkins"/>
  </properties>
  <testcase classname="com.formation.jenkins.AppTest" name="testApp" time="0.002"/>
</testsuite>